2019.8.20
TODO
1.protobuf协议 服务器引用问题 ok
2.服务器收到的64位会有问题 long类型的问题

在封装的时候了解下
2.laya的byte ok
3.node.js的buffer ok
4.sokietio关闭心跳 ok

2019.8.21
1.服务器接收64位INT值 会有溢出 暂时先用string代替
2.nginx

2019.8.22
1.IO雏形完成50% ok
2.服务器接收64位INT值 会有溢出 暂时先用string代替
3.nginx

2019.8.23
1.Login写了一部分,message注册与处理需要再完善下 CL CG SS之间消息要分开定义  ok
2.服务器接收64位INT值 会有溢出 暂时先用string代替
3.nginx

2019.8.24
1.assert
2.服务器接收64位INT值 会有溢出 暂时先用string代替
3.nginx

2019.8.26
1.assert
2.服务器接收64位INT值 会有溢出 暂时先用string代替
3.nginx
4.mysql 连接池中的连接 可能会出现不够用的情况 看看之后需不需要搞个备用连接ok

2019.8.27
1.assert
2.服务器接收64位INT值 会有溢出 暂时先用string代替
3.nginx
4.db库需要提前建立，想想怎么设计,最好不要手写SQL,容易出错

2019.8.28
1.assert
2.服务器接收64位INT值 会有溢出 暂时先用string代替
3.nginx
4.db库需要提前建立，想想怎么设计,最好不要手写SQL,容易出错

2019.8.29
1.assert ok
2.服务器接收64位INT值 会有溢出 暂时先用string代替
3.nginx
4.db库需要提前建立，想想怎么设计,最好不要手写SQL,容易出错
5.服务器时间
6.DBLOG表每日重建 清除

2019.8.29
1.服务器接收64位INT值 会有溢出 暂时先用string代替
2.nginx
3.db库需要提前建立，想想怎么设计,最好不要手写SQL,容易出错
4.服务器时间
5.DBLOG表每日重建 清除
6.服务器认证 客户端认证